<?xml version="1.0" encoding="UTF-8"?>
<!-- Generated by org.testng.reporters.JUnitXMLReporter -->
<testsuite hostname="LT2388005" ignored="0" name="Test-9" tests="4" failures="0" timestamp="20 Dec 2019 11:13:37 GMT" time="97.959" errors="0">
  <testcase name="viewPCNRequest" time="28.892" classname="com.nfa.app.ViewPCNRequestTest"/>
  <testcase name="viewPCNRequest" time="10.238" classname="com.nfa.app.ViewPCNRequestTest"/>
  <testcase name="viewPCNRequest" time="10.182" classname="com.nfa.app.ViewPCNRequestTest"/>
  <testcase name="viewPCNRequest" time="10.025" classname="com.nfa.app.ViewPCNRequestTest"/>
</testsuite> <!-- Test-9 -->
