<?xml version="1.0" encoding="UTF-8"?>
<!-- Generated by org.testng.reporters.JUnitXMLReporter -->
<testsuite hostname="LT2388005" name="Test-3" tests="1" failures="0" timestamp="23 Dec 2019 11:03:14 GMT" time="21.091" errors="0">
  <testcase name="ApproverLogin" time="7.155" classname="com.nfa.app.AprrovePCN"/>
</testsuite> <!-- Test-3 -->
