<?xml version="1.0" encoding="UTF-8"?>
<!-- Generated by org.testng.reporters.JUnitXMLReporter -->
<testsuite hostname="LT2388005" ignored="0" name="Test-6" tests="1" failures="0" timestamp="20 Dec 2019 11:10:05 GMT" time="53.91" errors="0">
  <testcase name="ApproverLogin" time="19.042" classname="com.nfa.app.CompletedApprovalTest"/>
</testsuite> <!-- Test-6 -->
