<?xml version="1.0" encoding="UTF-8"?>
<!-- Generated by org.testng.reporters.JUnitReportReporter -->
<testsuite skipped="0" hostname="LT2388005" name="com.nfa.app.LoginTest" tests="2" failures="0" timestamp="10 Dec 2019 08:18:05 GMT" time="50.598" errors="0">
  <testcase name="NFALogin" time="25.115" classname="com.nfa.app.LoginTest"/>
  <testcase name="NFALogin" time="25.483" classname="com.nfa.app.LoginTest"/>
</testsuite> <!-- com.nfa.app.LoginTest -->
