<?xml version="1.0" encoding="UTF-8"?>
<!-- Generated by org.testng.reporters.JUnitReportReporter -->
<testsuite hostname="LT2388005" name="com.nfa.app.CreatePCNRequestTest" tests="1" failures="0" timestamp="23 Dec 2019 11:22:25 GMT" time="74.906" errors="0">
  <testcase name="createPCN" time="74.906" classname="com.nfa.app.CreatePCNRequestTest"/>
</testsuite> <!-- com.nfa.app.CreatePCNRequestTest -->
