<?xml version="1.0" encoding="UTF-8"?>
<!-- Generated by org.testng.reporters.JUnitReportReporter -->
<testsuite hostname="LT2388005" name="com.nfa.app.NFALoginTest" tests="1" failures="0" timestamp="23 Dec 2019 11:04:18 GMT" time="19.710" errors="0">
  <testcase name="NFALogin" time="19.710" classname="com.nfa.app.NFALoginTest"/>
</testsuite> <!-- com.nfa.app.NFALoginTest -->
