<?xml version="1.0" encoding="UTF-8"?>
<!-- Generated by org.testng.reporters.JUnitReportReporter -->
<testsuite hostname="LT2388005" name="com.nfa.app.AprrovePCN" tests="1" failures="0" timestamp="23 Dec 2019 12:24:04 GMT" time="8.045" errors="0">
  <testcase name="ApprovPCNRequest" time="8.045" classname="com.nfa.app.AprrovePCN"/>
</testsuite> <!-- com.nfa.app.AprrovePCN -->
