<?xml version="1.0" encoding="UTF-8"?>
<!-- Generated by org.testng.reporters.JUnitReportReporter -->
<testsuite skipped="0" hostname="LT2388005" name="com.nfa.app.PCNReportTest" tests="4" failures="0" timestamp="20 Dec 2019 11:13:38 GMT" time="115.491" errors="0">
  <testcase name="pcnReport" time="28.725" classname="com.nfa.app.PCNReportTest"/>
  <testcase name="pcnReport" time="28.661" classname="com.nfa.app.PCNReportTest"/>
  <testcase name="pcnReport" time="28.607" classname="com.nfa.app.PCNReportTest"/>
  <testcase name="pcnReport" time="29.498" classname="com.nfa.app.PCNReportTest"/>
</testsuite> <!-- com.nfa.app.PCNReportTest -->
