<?xml version="1.0" encoding="UTF-8"?>
<!-- Generated by org.testng.reporters.JUnitReportReporter -->
<testsuite hostname="LT2388005" name="com.nfa.app.ReferBackPCN" tests="1" failures="0" timestamp="23 Dec 2019 11:51:00 GMT" time="16.504" errors="0">
  <testcase name="ReferBackPCNRequest" time="16.504" classname="com.nfa.app.ReferBackPCN"/>
</testsuite> <!-- com.nfa.app.ReferBackPCN -->
