<?xml version="1.0" encoding="UTF-8"?>
<!-- Generated by org.testng.reporters.JUnitReportReporter -->
<testsuite skipped="0" hostname="LT2388005" name="com.nfa.app.ShowAllPCNTest" tests="1" failures="0" timestamp="20 Dec 2019 11:13:38 GMT" time="19.651" errors="0">
  <testcase name="ApproverLogin" time="19.651" classname="com.nfa.app.ShowAllPCNTest"/>
</testsuite> <!-- com.nfa.app.ShowAllPCNTest -->
